INFO main org.ansj.util.MyStaticValue - init dic to env value is : jar://org.ansj.dic.DicReader|/library/userLibrary.dic
INFO main org.ansj.dic.impl.File2Stream - path to stream library/ambiguity.dic
ERROR main org.ansj.library.AmbiguityLibrary - Init ambiguity library error :org.ansj.exception.LibraryException:  path :library/ambiguity.dic file:D:\project\jProject\FilterMsg\library\ambiguity.dic not found or can not to read, path: library/ambiguity.dic
DEBUG main org.ansj.library.DicLibrary - begin init dic !
INFO main org.ansj.library.DicLibrary - load dic use time:35 path is : jar://org.ansj.dic.DicReader|/library/userLibrary.dic
INFO main org.ansj.library.DATDictionary - init core library ok use time : 566
INFO main org.ansj.library.NgramLibrary - init ngram ok use time :423
INFO main org.ansj.util.MyStaticValue - init dic to env value is : jar://org.ansj.dic.DicReader|/library/userLibrary.dic
INFO main org.ansj.dic.impl.File2Stream - path to stream library/ambiguity.dic
ERROR main org.ansj.library.AmbiguityLibrary - Init ambiguity library error :org.ansj.exception.LibraryException:  path :library/ambiguity.dic file:D:\project\jProject\FilterMsg\library\ambiguity.dic not found or can not to read, path: library/ambiguity.dic
DEBUG main org.ansj.library.DicLibrary - begin init dic !
INFO main org.ansj.library.DicLibrary - load dic use time:44 path is : jar://org.ansj.dic.DicReader|/library/userLibrary.dic
INFO main org.ansj.library.DATDictionary - init core library ok use time : 574
INFO main org.ansj.library.NgramLibrary - init ngram ok use time :416
INFO main org.ansj.util.MyStaticValue - init dic to env value is : jar://org.ansj.dic.DicReader|/library/userLibrary.dic
INFO main org.ansj.dic.impl.File2Stream - path to stream library/ambiguity.dic
ERROR main org.ansj.library.AmbiguityLibrary - Init ambiguity library error :org.ansj.exception.LibraryException:  path :library/ambiguity.dic file:D:\project\jProject\FilterMsg\library\ambiguity.dic not found or can not to read, path: library/ambiguity.dic
DEBUG main org.ansj.library.DicLibrary - begin init dic !
INFO main org.ansj.library.DicLibrary - load dic use time:35 path is : jar://org.ansj.dic.DicReader|/library/userLibrary.dic
INFO main org.ansj.library.DATDictionary - init core library ok use time : 559
INFO main org.ansj.library.NgramLibrary - init ngram ok use time :436
